Arguments: 
  C:\Program Files\nodejs\node.exe C:\Users\anish\AppData\Roaming\npm\node_modules\yarn\bin\yarn.js add snabbdom@0.7.1

PATH: 
  C:\Users\anish\bin;C:\Program Files\Git\mingw64\bin;C:\Program Files\Git\usr\local\bin;C:\Program Files\Git\usr\bin;C:\Program Files\Git\usr\bin;C:\Program Files\Git\mingw64\bin;C:\Program Files\Git\usr\bin;C:\Users\anish\bin;C:\WINDOWS\system32;C:\WINDOWS;C:\WINDOWS\System32\Wbem;C:\WINDOWS\System32\WindowsPowerShell\v1.0;C:\WINDOWS\System32\OpenSSH;C:\Program Files\Git\cmd;C:\Program Files\nodejs;C:\ProgramData\chocolatey\bin;C:\tools\php82;C:\tools\mysql;C:\Users\anish\AppData\Local\Microsoft\WindowsApps;C:\Users\anish\AppData\Local\Programs\Microsoft VS Code\bin;C:\Users\anish\AppData\Roaming\npm;C:\tools\mysql\current\bin;C:\Program Files\Git\usr\bin\vendor_perl;C:\Program Files\Git\usr\bin\core_perl

Yarn version: 
  1.22.19

Node version: 
  18.16.0

Platform: 
  win32 x64

Trace: 
  Error: EPERM: operation not permitted, unlink 'c:\Users\anish\Projects\create-fe-framework\node_modules\deasync\bin\win32-x64-node-18\deasync.node'

npm manifest: 
  {
    "name": "create-fe-framework",
    "version": "1.0.0",
    "description": "",
    "main": "index.js",
    "scripts": {
      "start": "parcel serve index.html"
    },
    "author": "",
    "license": "ISC",
    "dependencies": {
      "snabbdom": "^3.5.1",
      "parcel-bundler": "^1.7.1",
      "react": "^16.0.0",
      "react-dom": "^16.5.1"
    },
    "devDependencies": {
      "@babel/core": "^7.22.1",
      "babel-plugin-transform-object-rest-spread": "^6.26.0",
      "babel-plugin-transform-react-jsx": "^6.24.1",
      "babel-preset-env": "^1.6.1"
    }
  }

yarn manifest: 
  No manifest

Lockfile: 
  No lockfile
